Using pre-set license
Built from '2020.3/staging' branch; Version is '2020.3.13f1 (71691879b7f5) revision 7432472'; Using compiler version '192528614'; Build Type 'Release'
OS: 'Windows 10 Home; OS build 18363.1440; Version 1909; 64bit' Language: 'fr' Physical Memory: 32701 MB
BatchMode: 1, IsHumanControllingUs: 0, StartBugReporterOnCrash: 0, Is64bit: 1, IsPro: 0

 COMMAND LINE ARGUMENTS:
D:\Jeux\Unity\2020.3.13f1\Editor\Unity.exe
-adb2
-batchMode
-noUpm
-name
AssetImportWorker0
-projectPath
D:/Jeux/Unity/YsoCorp
-logFile
Logs/AssetImportWorker0.log
-srvPort
61627
Successfully changed project path to: D:/Jeux/Unity/YsoCorp
D:/Jeux/Unity/YsoCorp
Using Asset Import Pipeline V2.
Refreshing native plugins compatible for Editor in 200.05 ms, found 2 plugins.
Preloading 0 native plugins for Editor in 0.00 ms.
Initialize engine version: 2020.3.13f1 (71691879b7f5)
[Subsystems] Discovering subsystems at path D:/Jeux/Unity/2020.3.13f1/Editor/Data/Resources/UnitySubsystems
[Subsystems] Discovering subsystems at path D:/Jeux/Unity/YsoCorp/Assets
GfxDevice: creating device client; threaded=0
Direct3D:
    Version:  Direct3D 11.0 [level 11.1]
    Renderer: AMD Radeon RX 5700 XT (ID=0x731f)
    Vendor:   
    VRAM:     8047 MB
    Driver:   26.20.13028.13
Initialize mono
Mono path[0] = 'D:/Jeux/Unity/2020.3.13f1/Editor/Data/Managed'
Mono path[1] = 'D:/Jeux/Unity/2020.3.13f1/Editor/Data/MonoBleedingEdge/lib/mono/unityjit'
Mono config path = 'D:/Jeux/Unity/2020.3.13f1/Editor/Data/MonoBleedingEdge/etc'
Using monoOptions --debugger-agent=transport=dt_socket,embedding=1,server=y,suspend=n,address=127.0.0.1:56800
Begin MonoManager ReloadAssembly
Registering precompiled unity dll's ...
Register platform support module: D:/Jeux/Unity/2020.3.13f1/Editor/Data/PlaybackEngines/WindowsStandaloneSupport/UnityEditor.WindowsStandalone.Extensions.dll
Registered in 0.008207 seconds.
Native extension for WindowsStandalone target not found
Refreshing native plugins compatible for Editor in 22.80 ms, found 2 plugins.
Preloading 0 native plugins for Editor in 0.00 ms.
Mono: successfully reloaded assembly
- Completed reload, in  1.170 seconds
Platform modules already initialized, skipping
Registering precompiled user dll's ...
Registered in 0.025413 seconds.
Begin MonoManager ReloadAssembly
Native extension for WindowsStandalone target not found
Refreshing native plugins compatible for Editor in 0.30 ms, found 2 plugins.
Preloading 0 native plugins for Editor in 0.00 ms.
Mono: successfully reloaded assembly
- Completed reload, in  0.858 seconds
Platform modules already initialized, skipping
========================================================================
Worker process is ready to serve import requests
Launched and connected shader compiler UnityShaderCompiler.exe after 0.04 seconds
Refreshing native plugins compatible for Editor in 0.29 ms, found 2 plugins.
Preloading 0 native plugins for Editor in 0.00 ms.
Unloading 1390 Unused Serialized files (Serialized files now loaded: 0)
System memory in use before: 64.8 MB.
System memory in use after: 64.8 MB.

Unloading 19 unused Assets to reduce memory usage. Loaded Objects now: 1823.
Total: 1.629000 ms (FindLiveObjects: 0.130300 ms CreateObjectMapping: 0.034900 ms MarkObjects: 1.398400 ms  DeleteObjects: 0.064400 ms)

AssetImportParameters requested are different than current active one (requested -> active):
  custom:framework-win-MediaFoundation: 216162199b28c13a410421893ffa2e32 -> 
  custom:video-decoder-ogg-theora: a1e56fd34408186e4bbccfd4996cb3dc -> 
  custom:container-muxer-webm: aa71ff27fc2769a1b78a27578f13a17b -> 
  custom:container-demuxer-webm: 4f35f7cbe854078d1ac9338744f61a02 -> 
  custom:container-demuxer-ogg: 62fdf1f143b41e24485cea50d1cbac27 -> 
  custom:video-encoder-webm-vp8: eb34c28f22e8b96e1ab97ce403110664 -> 
  custom:video-codec-MediaFoundation-h265: 746d11721c4dcdbdad8f713fa42b33f4 -> 
  custom:video-decoder-webm-vp8: 9c59270c3fd7afecdb556c50c9e8de78 -> 
  custom:audio-decoder-ogg-vorbis: bf7c407c2cedff20999df2af8eb42d56 -> 
  custom:audio-encoder-webm-vorbis: bf7c407c2cedff20999df2af8eb42d56 -> 
========================================================================
Received Import Request.
  path: Assets/Scenes/YsoCorp.unity
  artifactKey: Guid(9fc0d4010bbf28b4594072e72b8655ab) Importer(815301076,1909f56bfc062723c751e8b465ee728b)
Start importing Assets/Scenes/YsoCorp.unity using Guid(9fc0d4010bbf28b4594072e72b8655ab) Importer(815301076,1909f56bfc062723c751e8b465ee728b)  -> (artifact id: '1ca295888c9c8cbe5263634120ed8c8c') in 0.025845 seconds 
  Import took 0.027876 seconds .

========================================================================
Received Prepare
Registering precompiled user dll's ...
Registered in 0.001786 seconds.
Begin MonoManager ReloadAssembly
Native extension for WindowsStandalone target not found
Refreshing native plugins compatible for Editor in 0.30 ms, found 2 plugins.
Preloading 0 native plugins for Editor in 0.00 ms.
Mono: successfully reloaded assembly
- Completed reload, in  0.684 seconds
Platform modules already initialized, skipping
Refreshing native plugins compatible for Editor in 0.18 ms, found 2 plugins.
Preloading 0 native plugins for Editor in 0.00 ms.
Unloading 1385 Unused Serialized files (Serialized files now loaded: 0)
System memory in use before: 64.7 MB.
System memory in use after: 64.8 MB.

Unloading 14 unused Assets to reduce memory usage. Loaded Objects now: 1826.
Total: 1.578400 ms (FindLiveObjects: 0.126500 ms CreateObjectMapping: 0.034900 ms MarkObjects: 1.362200 ms  DeleteObjects: 0.053800 ms)

AssetImportParameters requested are different than current active one (requested -> active):
  custom:framework-win-MediaFoundation: 216162199b28c13a410421893ffa2e32 -> 
  custom:video-decoder-ogg-theora: a1e56fd34408186e4bbccfd4996cb3dc -> 
  custom:container-muxer-webm: aa71ff27fc2769a1b78a27578f13a17b -> 
  custom:container-demuxer-webm: 4f35f7cbe854078d1ac9338744f61a02 -> 
  custom:container-demuxer-ogg: 62fdf1f143b41e24485cea50d1cbac27 -> 
  custom:video-encoder-webm-vp8: eb34c28f22e8b96e1ab97ce403110664 -> 
  custom:video-codec-MediaFoundation-h265: 746d11721c4dcdbdad8f713fa42b33f4 -> 
  custom:video-decoder-webm-vp8: 9c59270c3fd7afecdb556c50c9e8de78 -> 
  custom:audio-decoder-ogg-vorbis: bf7c407c2cedff20999df2af8eb42d56 -> 
  custom:audio-encoder-webm-vorbis: bf7c407c2cedff20999df2af8eb42d56 -> 
========================================================================
Received Prepare
Registering precompiled user dll's ...
Registered in 0.001640 seconds.
Begin MonoManager ReloadAssembly
Native extension for WindowsStandalone target not found
Refreshing native plugins compatible for Editor in 0.29 ms, found 2 plugins.
Preloading 0 native plugins for Editor in 0.00 ms.
Mono: successfully reloaded assembly
- Completed reload, in  0.684 seconds
Platform modules already initialized, skipping
Refreshing native plugins compatible for Editor in 0.25 ms, found 2 plugins.
Preloading 0 native plugins for Editor in 0.00 ms.
Unloading 1385 Unused Serialized files (Serialized files now loaded: 0)
System memory in use before: 64.8 MB.
System memory in use after: 64.8 MB.

Unloading 14 unused Assets to reduce memory usage. Loaded Objects now: 1829.
Total: 1.700000 ms (FindLiveObjects: 0.134900 ms CreateObjectMapping: 0.031300 ms MarkObjects: 1.490100 ms  DeleteObjects: 0.042900 ms)

AssetImportParameters requested are different than current active one (requested -> active):
  custom:framework-win-MediaFoundation: 216162199b28c13a410421893ffa2e32 -> 
  custom:video-decoder-ogg-theora: a1e56fd34408186e4bbccfd4996cb3dc -> 
  custom:container-muxer-webm: aa71ff27fc2769a1b78a27578f13a17b -> 
  custom:container-demuxer-webm: 4f35f7cbe854078d1ac9338744f61a02 -> 
  custom:container-demuxer-ogg: 62fdf1f143b41e24485cea50d1cbac27 -> 
  custom:video-encoder-webm-vp8: eb34c28f22e8b96e1ab97ce403110664 -> 
  custom:video-codec-MediaFoundation-h265: 746d11721c4dcdbdad8f713fa42b33f4 -> 
  custom:video-decoder-webm-vp8: 9c59270c3fd7afecdb556c50c9e8de78 -> 
  custom:audio-decoder-ogg-vorbis: bf7c407c2cedff20999df2af8eb42d56 -> 
  custom:audio-encoder-webm-vorbis: bf7c407c2cedff20999df2af8eb42d56 -> 
========================================================================
Received Prepare
Registering precompiled user dll's ...
Registered in 0.001640 seconds.
Begin MonoManager ReloadAssembly
Native extension for WindowsStandalone target not found
Refreshing native plugins compatible for Editor in 0.30 ms, found 2 plugins.
Preloading 0 native plugins for Editor in 0.00 ms.
Mono: successfully reloaded assembly
- Completed reload, in  0.677 seconds
Platform modules already initialized, skipping
Refreshing native plugins compatible for Editor in 0.18 ms, found 2 plugins.
Preloading 0 native plugins for Editor in 0.00 ms.
Unloading 1385 Unused Serialized files (Serialized files now loaded: 0)
System memory in use before: 64.8 MB.
System memory in use after: 64.8 MB.

Unloading 14 unused Assets to reduce memory usage. Loaded Objects now: 1832.
Total: 1.622800 ms (FindLiveObjects: 0.137900 ms CreateObjectMapping: 0.034600 ms MarkObjects: 1.403400 ms  DeleteObjects: 0.045900 ms)

AssetImportParameters requested are different than current active one (requested -> active):
  custom:framework-win-MediaFoundation: 216162199b28c13a410421893ffa2e32 -> 
  custom:video-decoder-ogg-theora: a1e56fd34408186e4bbccfd4996cb3dc -> 
  custom:container-muxer-webm: aa71ff27fc2769a1b78a27578f13a17b -> 
  custom:container-demuxer-webm: 4f35f7cbe854078d1ac9338744f61a02 -> 
  custom:container-demuxer-ogg: 62fdf1f143b41e24485cea50d1cbac27 -> 
  custom:video-encoder-webm-vp8: eb34c28f22e8b96e1ab97ce403110664 -> 
  custom:video-codec-MediaFoundation-h265: 746d11721c4dcdbdad8f713fa42b33f4 -> 
  custom:video-decoder-webm-vp8: 9c59270c3fd7afecdb556c50c9e8de78 -> 
  custom:audio-decoder-ogg-vorbis: bf7c407c2cedff20999df2af8eb42d56 -> 
  custom:audio-encoder-webm-vorbis: bf7c407c2cedff20999df2af8eb42d56 -> 
========================================================================
Received Prepare
Registering precompiled user dll's ...
Registered in 0.002318 seconds.
Begin MonoManager ReloadAssembly
Native extension for WindowsStandalone target not found
Refreshing native plugins compatible for Editor in 0.37 ms, found 2 plugins.
Preloading 0 native plugins for Editor in 0.00 ms.
Mono: successfully reloaded assembly
- Completed reload, in  0.744 seconds
Platform modules already initialized, skipping
Refreshing native plugins compatible for Editor in 0.35 ms, found 2 plugins.
Preloading 0 native plugins for Editor in 0.00 ms.
Unloading 1746 Unused Serialized files (Serialized files now loaded: 0)
System memory in use before: 80.4 MB.
System memory in use after: 78.4 MB.

Unloading 37 unused Assets to reduce memory usage. Loaded Objects now: 2174.
Total: 2.739700 ms (FindLiveObjects: 0.151000 ms CreateObjectMapping: 0.038100 ms MarkObjects: 1.462200 ms  DeleteObjects: 1.087700 ms)

AssetImportParameters requested are different than current active one (requested -> active):
  custom:framework-win-MediaFoundation: 216162199b28c13a410421893ffa2e32 -> 
  custom:video-decoder-ogg-theora: a1e56fd34408186e4bbccfd4996cb3dc -> 
  custom:container-muxer-webm: aa71ff27fc2769a1b78a27578f13a17b -> 
  custom:container-demuxer-webm: 4f35f7cbe854078d1ac9338744f61a02 -> 
  custom:container-demuxer-ogg: 62fdf1f143b41e24485cea50d1cbac27 -> 
  custom:video-encoder-webm-vp8: eb34c28f22e8b96e1ab97ce403110664 -> 
  custom:video-codec-MediaFoundation-h265: 746d11721c4dcdbdad8f713fa42b33f4 -> 
  custom:video-decoder-webm-vp8: 9c59270c3fd7afecdb556c50c9e8de78 -> 
  custom:audio-decoder-ogg-vorbis: bf7c407c2cedff20999df2af8eb42d56 -> 
  custom:audio-encoder-webm-vorbis: bf7c407c2cedff20999df2af8eb42d56 -> 
========================================================================
Received Prepare
Registering precompiled user dll's ...
Registered in 0.001680 seconds.
Begin MonoManager ReloadAssembly
Native extension for WindowsStandalone target not found
Refreshing native plugins compatible for Editor in 0.38 ms, found 2 plugins.
Preloading 0 native plugins for Editor in 0.00 ms.
Mono: successfully reloaded assembly
- Completed reload, in  0.776 seconds
Platform modules already initialized, skipping
Refreshing native plugins compatible for Editor in 0.38 ms, found 2 plugins.
Preloading 0 native plugins for Editor in 0.00 ms.
Unloading 1745 Unused Serialized files (Serialized files now loaded: 0)
System memory in use before: 80.4 MB.
System memory in use after: 78.3 MB.

Unloading 37 unused Assets to reduce memory usage. Loaded Objects now: 2177.
Total: 3.165300 ms (FindLiveObjects: 0.187200 ms CreateObjectMapping: 0.038700 ms MarkObjects: 1.731900 ms  DeleteObjects: 1.206600 ms)

AssetImportParameters requested are different than current active one (requested -> active):
  custom:framework-win-MediaFoundation: 216162199b28c13a410421893ffa2e32 -> 
  custom:video-decoder-ogg-theora: a1e56fd34408186e4bbccfd4996cb3dc -> 
  custom:container-muxer-webm: aa71ff27fc2769a1b78a27578f13a17b -> 
  custom:container-demuxer-webm: 4f35f7cbe854078d1ac9338744f61a02 -> 
  custom:container-demuxer-ogg: 62fdf1f143b41e24485cea50d1cbac27 -> 
  custom:video-encoder-webm-vp8: eb34c28f22e8b96e1ab97ce403110664 -> 
  custom:video-codec-MediaFoundation-h265: 746d11721c4dcdbdad8f713fa42b33f4 -> 
  custom:video-decoder-webm-vp8: 9c59270c3fd7afecdb556c50c9e8de78 -> 
  custom:audio-decoder-ogg-vorbis: bf7c407c2cedff20999df2af8eb42d56 -> 
  custom:audio-encoder-webm-vorbis: bf7c407c2cedff20999df2af8eb42d56 -> 
========================================================================
Received Prepare
Registering precompiled user dll's ...
Registered in 0.001957 seconds.
Begin MonoManager ReloadAssembly
Native extension for WindowsStandalone target not found
Refreshing native plugins compatible for Editor in 0.36 ms, found 2 plugins.
Preloading 0 native plugins for Editor in 0.00 ms.
Mono: successfully reloaded assembly
- Completed reload, in  0.711 seconds
Platform modules already initialized, skipping
Refreshing native plugins compatible for Editor in 0.34 ms, found 2 plugins.
Preloading 0 native plugins for Editor in 0.00 ms.
Unloading 1745 Unused Serialized files (Serialized files now loaded: 0)
System memory in use before: 80.4 MB.
System memory in use after: 78.4 MB.

Unloading 37 unused Assets to reduce memory usage. Loaded Objects now: 2180.
Total: 3.179400 ms (FindLiveObjects: 0.162700 ms CreateObjectMapping: 0.037700 ms MarkObjects: 1.435300 ms  DeleteObjects: 1.542900 ms)

AssetImportParameters requested are different than current active one (requested -> active):
  custom:framework-win-MediaFoundation: 216162199b28c13a410421893ffa2e32 -> 
  custom:video-decoder-ogg-theora: a1e56fd34408186e4bbccfd4996cb3dc -> 
  custom:container-muxer-webm: aa71ff27fc2769a1b78a27578f13a17b -> 
  custom:container-demuxer-webm: 4f35f7cbe854078d1ac9338744f61a02 -> 
  custom:container-demuxer-ogg: 62fdf1f143b41e24485cea50d1cbac27 -> 
  custom:video-encoder-webm-vp8: eb34c28f22e8b96e1ab97ce403110664 -> 
  custom:video-codec-MediaFoundation-h265: 746d11721c4dcdbdad8f713fa42b33f4 -> 
  custom:video-decoder-webm-vp8: 9c59270c3fd7afecdb556c50c9e8de78 -> 
  custom:audio-decoder-ogg-vorbis: bf7c407c2cedff20999df2af8eb42d56 -> 
  custom:audio-encoder-webm-vorbis: bf7c407c2cedff20999df2af8eb42d56 -> 
========================================================================
Received Prepare
Registering precompiled user dll's ...
Registered in 0.001724 seconds.
Begin MonoManager ReloadAssembly
Native extension for WindowsStandalone target not found
Refreshing native plugins compatible for Editor in 0.37 ms, found 2 plugins.
Preloading 0 native plugins for Editor in 0.00 ms.
Mono: successfully reloaded assembly
- Completed reload, in  0.745 seconds
Platform modules already initialized, skipping
Refreshing native plugins compatible for Editor in 0.34 ms, found 2 plugins.
Preloading 0 native plugins for Editor in 0.00 ms.
Unloading 1746 Unused Serialized files (Serialized files now loaded: 0)
System memory in use before: 80.4 MB.
System memory in use after: 78.4 MB.

Unloading 37 unused Assets to reduce memory usage. Loaded Objects now: 2184.
Total: 2.915000 ms (FindLiveObjects: 0.162000 ms CreateObjectMapping: 0.037700 ms MarkObjects: 1.488200 ms  DeleteObjects: 1.226200 ms)

AssetImportParameters requested are different than current active one (requested -> active):
  custom:framework-win-MediaFoundation: 216162199b28c13a410421893ffa2e32 -> 
  custom:video-decoder-ogg-theora: a1e56fd34408186e4bbccfd4996cb3dc -> 
  custom:container-muxer-webm: aa71ff27fc2769a1b78a27578f13a17b -> 
  custom:container-demuxer-webm: 4f35f7cbe854078d1ac9338744f61a02 -> 
  custom:container-demuxer-ogg: 62fdf1f143b41e24485cea50d1cbac27 -> 
  custom:video-encoder-webm-vp8: eb34c28f22e8b96e1ab97ce403110664 -> 
  custom:video-codec-MediaFoundation-h265: 746d11721c4dcdbdad8f713fa42b33f4 -> 
  custom:video-decoder-webm-vp8: 9c59270c3fd7afecdb556c50c9e8de78 -> 
  custom:audio-decoder-ogg-vorbis: bf7c407c2cedff20999df2af8eb42d56 -> 
  custom:audio-encoder-webm-vorbis: bf7c407c2cedff20999df2af8eb42d56 -> 
========================================================================
Received Import Request.
  Time since last request: 2896.158686 seconds.
  path: Assets
  artifactKey: Guid(00000000000000001000000000000000) Importer(815301076,1909f56bfc062723c751e8b465ee728b)
Start importing Assets using Guid(00000000000000001000000000000000) Importer(815301076,1909f56bfc062723c751e8b465ee728b)  -> (artifact id: '42d402b061de3733987d63b9cc3b64de') in 0.022023 seconds 
  Import took 0.024407 seconds .

========================================================================
Received Import Request.
  Time since last request: 7.096334 seconds.
  path: Assets/Script
  artifactKey: Guid(8848dc4b04e01d4499200db6a65267c6) Importer(815301076,1909f56bfc062723c751e8b465ee728b)
Start importing Assets/Script using Guid(8848dc4b04e01d4499200db6a65267c6) Importer(815301076,1909f56bfc062723c751e8b465ee728b)  -> (artifact id: '959ca5e559227c6337c40dac70c240f3') in 0.019339 seconds 
  Import took 0.021886 seconds .

========================================================================
Received Prepare
Registering precompiled user dll's ...
Registered in 0.001711 seconds.
Begin MonoManager ReloadAssembly
Native extension for WindowsStandalone target not found
Refreshing native plugins compatible for Editor in 0.36 ms, found 2 plugins.
Preloading 0 native plugins for Editor in 0.00 ms.
Mono: successfully reloaded assembly
- Completed reload, in  0.732 seconds
Platform modules already initialized, skipping
Refreshing native plugins compatible for Editor in 0.34 ms, found 2 plugins.
Preloading 0 native plugins for Editor in 0.00 ms.
Unloading 1746 Unused Serialized files (Serialized files now loaded: 0)
System memory in use before: 80.4 MB.
System memory in use after: 78.4 MB.

Unloading 37 unused Assets to reduce memory usage. Loaded Objects now: 2187.
Total: 3.081100 ms (FindLiveObjects: 0.149100 ms CreateObjectMapping: 0.038700 ms MarkObjects: 1.470200 ms  DeleteObjects: 1.422400 ms)

AssetImportParameters requested are different than current active one (requested -> active):
  custom:framework-win-MediaFoundation: 216162199b28c13a410421893ffa2e32 -> 
  custom:video-decoder-ogg-theora: a1e56fd34408186e4bbccfd4996cb3dc -> 
  custom:container-muxer-webm: aa71ff27fc2769a1b78a27578f13a17b -> 
  custom:container-demuxer-webm: 4f35f7cbe854078d1ac9338744f61a02 -> 
  custom:container-demuxer-ogg: 62fdf1f143b41e24485cea50d1cbac27 -> 
  custom:video-encoder-webm-vp8: eb34c28f22e8b96e1ab97ce403110664 -> 
  custom:video-codec-MediaFoundation-h265: 746d11721c4dcdbdad8f713fa42b33f4 -> 
  custom:video-decoder-webm-vp8: 9c59270c3fd7afecdb556c50c9e8de78 -> 
  custom:audio-decoder-ogg-vorbis: bf7c407c2cedff20999df2af8eb42d56 -> 
  custom:audio-encoder-webm-vorbis: bf7c407c2cedff20999df2af8eb42d56 -> 
========================================================================
Received Import Request.
  Time since last request: 7.217076 seconds.
  path: Assets/Script/SC_Camera.cs
  artifactKey: Guid(a525c453cb7f4a94ca42bef5dd071d46) Importer(815301076,1909f56bfc062723c751e8b465ee728b)
Start importing Assets/Script/SC_Camera.cs using Guid(a525c453cb7f4a94ca42bef5dd071d46) Importer(815301076,1909f56bfc062723c751e8b465ee728b)  -> (artifact id: '99db18471dd6758de72555c0de0804c0') in 0.033180 seconds 
  Import took 0.035676 seconds .

========================================================================
Received Prepare
Registering precompiled user dll's ...
Registered in 0.001784 seconds.
Begin MonoManager ReloadAssembly
Native extension for WindowsStandalone target not found
Refreshing native plugins compatible for Editor in 0.37 ms, found 2 plugins.
Preloading 0 native plugins for Editor in 0.00 ms.
Mono: successfully reloaded assembly
- Completed reload, in  0.754 seconds
Platform modules already initialized, skipping
Refreshing native plugins compatible for Editor in 0.36 ms, found 2 plugins.
Preloading 0 native plugins for Editor in 0.00 ms.
Unloading 1746 Unused Serialized files (Serialized files now loaded: 0)
System memory in use before: 80.4 MB.
System memory in use after: 78.4 MB.

Unloading 37 unused Assets to reduce memory usage. Loaded Objects now: 2190.
Total: 2.926600 ms (FindLiveObjects: 0.151500 ms CreateObjectMapping: 0.038200 ms MarkObjects: 1.458600 ms  DeleteObjects: 1.277600 ms)

AssetImportParameters requested are different than current active one (requested -> active):
  custom:framework-win-MediaFoundation: 216162199b28c13a410421893ffa2e32 -> 
  custom:video-decoder-ogg-theora: a1e56fd34408186e4bbccfd4996cb3dc -> 
  custom:container-muxer-webm: aa71ff27fc2769a1b78a27578f13a17b -> 
  custom:container-demuxer-webm: 4f35f7cbe854078d1ac9338744f61a02 -> 
  custom:container-demuxer-ogg: 62fdf1f143b41e24485cea50d1cbac27 -> 
  custom:video-encoder-webm-vp8: eb34c28f22e8b96e1ab97ce403110664 -> 
  custom:video-codec-MediaFoundation-h265: 746d11721c4dcdbdad8f713fa42b33f4 -> 
  custom:video-decoder-webm-vp8: 9c59270c3fd7afecdb556c50c9e8de78 -> 
  custom:audio-decoder-ogg-vorbis: bf7c407c2cedff20999df2af8eb42d56 -> 
  custom:audio-encoder-webm-vorbis: bf7c407c2cedff20999df2af8eb42d56 -> 
========================================================================
Received Import Request.
  Time since last request: 245.615067 seconds.
  path: Assets/Script/SC_Camera.cs
  artifactKey: Guid(a525c453cb7f4a94ca42bef5dd071d46) Importer(815301076,1909f56bfc062723c751e8b465ee728b)
Start importing Assets/Script/SC_Camera.cs using Guid(a525c453cb7f4a94ca42bef5dd071d46) Importer(815301076,1909f56bfc062723c751e8b465ee728b)  -> (artifact id: '14b14267bf912c809c10aeba60030b4e') in 0.022138 seconds 
  Import took 0.024289 seconds .

========================================================================
Received Import Request.
  Time since last request: 1.254332 seconds.
  path: Assets/Script/SC_Camera.cs
  artifactKey: Guid(a525c453cb7f4a94ca42bef5dd071d46) Importer(815301076,1909f56bfc062723c751e8b465ee728b)
Start importing Assets/Script/SC_Camera.cs using Guid(a525c453cb7f4a94ca42bef5dd071d46) Importer(815301076,1909f56bfc062723c751e8b465ee728b)  -> (artifact id: '14b14267bf912c809c10aeba60030b4e') in 0.018622 seconds 
  Import took 0.021034 seconds .

========================================================================
Received Prepare
Registering precompiled user dll's ...
Registered in 0.002637 seconds.
Begin MonoManager ReloadAssembly
Native extension for WindowsStandalone target not found
Refreshing native plugins compatible for Editor in 0.39 ms, found 2 plugins.
Preloading 0 native plugins for Editor in 0.00 ms.
Mono: successfully reloaded assembly
- Completed reload, in  0.765 seconds
Platform modules already initialized, skipping
Refreshing native plugins compatible for Editor in 0.36 ms, found 2 plugins.
Preloading 0 native plugins for Editor in 0.00 ms.
Unloading 1746 Unused Serialized files (Serialized files now loaded: 0)
System memory in use before: 80.4 MB.
System memory in use after: 78.4 MB.

Unloading 37 unused Assets to reduce memory usage. Loaded Objects now: 2193.
Total: 2.948500 ms (FindLiveObjects: 0.154300 ms CreateObjectMapping: 0.038600 ms MarkObjects: 1.482900 ms  DeleteObjects: 1.272100 ms)

AssetImportParameters requested are different than current active one (requested -> active):
  custom:framework-win-MediaFoundation: 216162199b28c13a410421893ffa2e32 -> 
  custom:video-decoder-ogg-theora: a1e56fd34408186e4bbccfd4996cb3dc -> 
  custom:container-muxer-webm: aa71ff27fc2769a1b78a27578f13a17b -> 
  custom:container-demuxer-webm: 4f35f7cbe854078d1ac9338744f61a02 -> 
  custom:container-demuxer-ogg: 62fdf1f143b41e24485cea50d1cbac27 -> 
  custom:video-encoder-webm-vp8: eb34c28f22e8b96e1ab97ce403110664 -> 
  custom:video-codec-MediaFoundation-h265: 746d11721c4dcdbdad8f713fa42b33f4 -> 
  custom:video-decoder-webm-vp8: 9c59270c3fd7afecdb556c50c9e8de78 -> 
  custom:audio-decoder-ogg-vorbis: bf7c407c2cedff20999df2af8eb42d56 -> 
  custom:audio-encoder-webm-vorbis: bf7c407c2cedff20999df2af8eb42d56 -> 
========================================================================
Received Prepare
Registering precompiled user dll's ...
Registered in 0.001701 seconds.
Begin MonoManager ReloadAssembly
Native extension for WindowsStandalone target not found
Refreshing native plugins compatible for Editor in 0.36 ms, found 2 plugins.
Preloading 0 native plugins for Editor in 0.00 ms.
Mono: successfully reloaded assembly
- Completed reload, in  0.721 seconds
Platform modules already initialized, skipping
Refreshing native plugins compatible for Editor in 0.38 ms, found 2 plugins.
Preloading 0 native plugins for Editor in 0.00 ms.
Unloading 1747 Unused Serialized files (Serialized files now loaded: 0)
System memory in use before: 80.4 MB.
System memory in use after: 78.4 MB.

Unloading 37 unused Assets to reduce memory usage. Loaded Objects now: 2196.
Total: 2.918500 ms (FindLiveObjects: 0.163900 ms CreateObjectMapping: 0.043500 ms MarkObjects: 1.469500 ms  DeleteObjects: 1.240600 ms)

AssetImportParameters requested are different than current active one (requested -> active):
  custom:framework-win-MediaFoundation: 216162199b28c13a410421893ffa2e32 -> 
  custom:video-decoder-ogg-theora: a1e56fd34408186e4bbccfd4996cb3dc -> 
  custom:container-muxer-webm: aa71ff27fc2769a1b78a27578f13a17b -> 
  custom:container-demuxer-webm: 4f35f7cbe854078d1ac9338744f61a02 -> 
  custom:container-demuxer-ogg: 62fdf1f143b41e24485cea50d1cbac27 -> 
  custom:video-encoder-webm-vp8: eb34c28f22e8b96e1ab97ce403110664 -> 
  custom:video-codec-MediaFoundation-h265: 746d11721c4dcdbdad8f713fa42b33f4 -> 
  custom:video-decoder-webm-vp8: 9c59270c3fd7afecdb556c50c9e8de78 -> 
  custom:audio-decoder-ogg-vorbis: bf7c407c2cedff20999df2af8eb42d56 -> 
  custom:audio-encoder-webm-vorbis: bf7c407c2cedff20999df2af8eb42d56 -> 
========================================================================
Received Prepare
Registering precompiled user dll's ...
Registered in 0.001737 seconds.
Begin MonoManager ReloadAssembly
Native extension for WindowsStandalone target not found
Refreshing native plugins compatible for Editor in 0.37 ms, found 2 plugins.
Preloading 0 native plugins for Editor in 0.00 ms.
Mono: successfully reloaded assembly
- Completed reload, in  0.712 seconds
Platform modules already initialized, skipping
Refreshing native plugins compatible for Editor in 0.35 ms, found 2 plugins.
Preloading 0 native plugins for Editor in 0.00 ms.
Unloading 1747 Unused Serialized files (Serialized files now loaded: 0)
System memory in use before: 80.5 MB.
System memory in use after: 78.5 MB.

Unloading 37 unused Assets to reduce memory usage. Loaded Objects now: 2198.
Total: 2.890200 ms (FindLiveObjects: 0.156400 ms CreateObjectMapping: 0.041800 ms MarkObjects: 1.391400 ms  DeleteObjects: 1.299800 ms)

AssetImportParameters requested are different than current active one (requested -> active):
  custom:framework-win-MediaFoundation: 216162199b28c13a410421893ffa2e32 -> 
  custom:video-decoder-ogg-theora: a1e56fd34408186e4bbccfd4996cb3dc -> 
  custom:container-muxer-webm: aa71ff27fc2769a1b78a27578f13a17b -> 
  custom:container-demuxer-webm: 4f35f7cbe854078d1ac9338744f61a02 -> 
  custom:container-demuxer-ogg: 62fdf1f143b41e24485cea50d1cbac27 -> 
  custom:video-encoder-webm-vp8: eb34c28f22e8b96e1ab97ce403110664 -> 
  custom:video-codec-MediaFoundation-h265: 746d11721c4dcdbdad8f713fa42b33f4 -> 
  custom:video-decoder-webm-vp8: 9c59270c3fd7afecdb556c50c9e8de78 -> 
  custom:audio-decoder-ogg-vorbis: bf7c407c2cedff20999df2af8eb42d56 -> 
  custom:audio-encoder-webm-vorbis: bf7c407c2cedff20999df2af8eb42d56 -> 
========================================================================
Received Prepare
Registering precompiled user dll's ...
Registered in 0.001874 seconds.
Begin MonoManager ReloadAssembly
Native extension for WindowsStandalone target not found
Refreshing native plugins compatible for Editor in 0.37 ms, found 2 plugins.
Preloading 0 native plugins for Editor in 0.00 ms.
Mono: successfully reloaded assembly
- Completed reload, in  0.711 seconds
Platform modules already initialized, skipping
Refreshing native plugins compatible for Editor in 0.48 ms, found 2 plugins.
Preloading 0 native plugins for Editor in 0.00 ms.
Unloading 1747 Unused Serialized files (Serialized files now loaded: 0)
System memory in use before: 80.4 MB.
System memory in use after: 78.5 MB.

Unloading 37 unused Assets to reduce memory usage. Loaded Objects now: 2200.
Total: 3.358900 ms (FindLiveObjects: 0.188200 ms CreateObjectMapping: 0.039800 ms MarkObjects: 1.883600 ms  DeleteObjects: 1.245900 ms)

AssetImportParameters requested are different than current active one (requested -> active):
  custom:framework-win-MediaFoundation: 216162199b28c13a410421893ffa2e32 -> 
  custom:video-decoder-ogg-theora: a1e56fd34408186e4bbccfd4996cb3dc -> 
  custom:container-muxer-webm: aa71ff27fc2769a1b78a27578f13a17b -> 
  custom:container-demuxer-webm: 4f35f7cbe854078d1ac9338744f61a02 -> 
  custom:container-demuxer-ogg: 62fdf1f143b41e24485cea50d1cbac27 -> 
  custom:video-encoder-webm-vp8: eb34c28f22e8b96e1ab97ce403110664 -> 
  custom:video-codec-MediaFoundation-h265: 746d11721c4dcdbdad8f713fa42b33f4 -> 
  custom:video-decoder-webm-vp8: 9c59270c3fd7afecdb556c50c9e8de78 -> 
  custom:audio-decoder-ogg-vorbis: bf7c407c2cedff20999df2af8eb42d56 -> 
  custom:audio-encoder-webm-vorbis: bf7c407c2cedff20999df2af8eb42d56 -> 
========================================================================
Received Prepare
Registering precompiled user dll's ...
Registered in 0.001819 seconds.
Begin MonoManager ReloadAssembly
Native extension for WindowsStandalone target not found
Refreshing native plugins compatible for Editor in 0.37 ms, found 2 plugins.
Preloading 0 native plugins for Editor in 0.00 ms.
Mono: successfully reloaded assembly
- Completed reload, in  0.753 seconds
Platform modules already initialized, skipping
Refreshing native plugins compatible for Editor in 0.36 ms, found 2 plugins.
Preloading 0 native plugins for Editor in 0.00 ms.
Unloading 1747 Unused Serialized files (Serialized files now loaded: 0)
System memory in use before: 80.5 MB.
System memory in use after: 78.5 MB.

Unloading 37 unused Assets to reduce memory usage. Loaded Objects now: 2202.
Total: 3.173200 ms (FindLiveObjects: 0.165900 ms CreateObjectMapping: 0.037500 ms MarkObjects: 1.578000 ms  DeleteObjects: 1.390900 ms)

AssetImportParameters requested are different than current active one (requested -> active):
  custom:framework-win-MediaFoundation: 216162199b28c13a410421893ffa2e32 -> 
  custom:video-decoder-ogg-theora: a1e56fd34408186e4bbccfd4996cb3dc -> 
  custom:container-muxer-webm: aa71ff27fc2769a1b78a27578f13a17b -> 
  custom:container-demuxer-webm: 4f35f7cbe854078d1ac9338744f61a02 -> 
  custom:container-demuxer-ogg: 62fdf1f143b41e24485cea50d1cbac27 -> 
  custom:video-encoder-webm-vp8: eb34c28f22e8b96e1ab97ce403110664 -> 
  custom:video-codec-MediaFoundation-h265: 746d11721c4dcdbdad8f713fa42b33f4 -> 
  custom:video-decoder-webm-vp8: 9c59270c3fd7afecdb556c50c9e8de78 -> 
  custom:audio-decoder-ogg-vorbis: bf7c407c2cedff20999df2af8eb42d56 -> 
  custom:audio-encoder-webm-vorbis: bf7c407c2cedff20999df2af8eb42d56 -> 
========================================================================
Received Import Request.
  Time since last request: 294.917068 seconds.
  path: Assets/Script/SC_Camera.cs
  artifactKey: Guid(a525c453cb7f4a94ca42bef5dd071d46) Importer(815301076,1909f56bfc062723c751e8b465ee728b)
Start importing Assets/Script/SC_Camera.cs using Guid(a525c453cb7f4a94ca42bef5dd071d46) Importer(815301076,1909f56bfc062723c751e8b465ee728b)  -> (artifact id: 'dd9fc067d3093f95aa024f92c47fc831') in 0.020775 seconds 
  Import took 0.023320 seconds .

========================================================================
Received Prepare
Registering precompiled user dll's ...
Registered in 0.001856 seconds.
Begin MonoManager ReloadAssembly
Native extension for WindowsStandalone target not found
Refreshing native plugins compatible for Editor in 0.36 ms, found 2 plugins.
Preloading 0 native plugins for Editor in 0.00 ms.
Mono: successfully reloaded assembly
- Completed reload, in  0.733 seconds
Platform modules already initialized, skipping
Refreshing native plugins compatible for Editor in 0.36 ms, found 2 plugins.
Preloading 0 native plugins for Editor in 0.00 ms.
Unloading 1747 Unused Serialized files (Serialized files now loaded: 0)
System memory in use before: 80.5 MB.
System memory in use after: 78.5 MB.

Unloading 37 unused Assets to reduce memory usage. Loaded Objects now: 2204.
Total: 2.953900 ms (FindLiveObjects: 0.160700 ms CreateObjectMapping: 0.037600 ms MarkObjects: 1.428800 ms  DeleteObjects: 1.325900 ms)

AssetImportParameters requested are different than current active one (requested -> active):
  custom:framework-win-MediaFoundation: 216162199b28c13a410421893ffa2e32 -> 
  custom:video-decoder-ogg-theora: a1e56fd34408186e4bbccfd4996cb3dc -> 
  custom:container-muxer-webm: aa71ff27fc2769a1b78a27578f13a17b -> 
  custom:container-demuxer-webm: 4f35f7cbe854078d1ac9338744f61a02 -> 
  custom:container-demuxer-ogg: 62fdf1f143b41e24485cea50d1cbac27 -> 
  custom:video-encoder-webm-vp8: eb34c28f22e8b96e1ab97ce403110664 -> 
  custom:video-codec-MediaFoundation-h265: 746d11721c4dcdbdad8f713fa42b33f4 -> 
  custom:video-decoder-webm-vp8: 9c59270c3fd7afecdb556c50c9e8de78 -> 
  custom:audio-decoder-ogg-vorbis: bf7c407c2cedff20999df2af8eb42d56 -> 
  custom:audio-encoder-webm-vorbis: bf7c407c2cedff20999df2af8eb42d56 -> 
========================================================================
Received Prepare
Registering precompiled user dll's ...
Registered in 0.001708 seconds.
Begin MonoManager ReloadAssembly
Native extension for WindowsStandalone target not found
Refreshing native plugins compatible for Editor in 0.38 ms, found 2 plugins.
Preloading 0 native plugins for Editor in 0.00 ms.
Mono: successfully reloaded assembly
- Completed reload, in  0.738 seconds
Platform modules already initialized, skipping
Refreshing native plugins compatible for Editor in 0.36 ms, found 2 plugins.
Preloading 0 native plugins for Editor in 0.00 ms.
Unloading 1747 Unused Serialized files (Serialized files now loaded: 0)
System memory in use before: 80.5 MB.
System memory in use after: 78.5 MB.

Unloading 37 unused Assets to reduce memory usage. Loaded Objects now: 2206.
Total: 2.930500 ms (FindLiveObjects: 0.169100 ms CreateObjectMapping: 0.038300 ms MarkObjects: 1.427700 ms  DeleteObjects: 1.294300 ms)

AssetImportParameters requested are different than current active one (requested -> active):
  custom:framework-win-MediaFoundation: 216162199b28c13a410421893ffa2e32 -> 
  custom:video-decoder-ogg-theora: a1e56fd34408186e4bbccfd4996cb3dc -> 
  custom:container-muxer-webm: aa71ff27fc2769a1b78a27578f13a17b -> 
  custom:container-demuxer-webm: 4f35f7cbe854078d1ac9338744f61a02 -> 
  custom:container-demuxer-ogg: 62fdf1f143b41e24485cea50d1cbac27 -> 
  custom:video-encoder-webm-vp8: eb34c28f22e8b96e1ab97ce403110664 -> 
  custom:video-codec-MediaFoundation-h265: 746d11721c4dcdbdad8f713fa42b33f4 -> 
  custom:video-decoder-webm-vp8: 9c59270c3fd7afecdb556c50c9e8de78 -> 
  custom:audio-decoder-ogg-vorbis: bf7c407c2cedff20999df2af8eb42d56 -> 
  custom:audio-encoder-webm-vorbis: bf7c407c2cedff20999df2af8eb42d56 -> 
========================================================================
Received Prepare
Registering precompiled user dll's ...
Registered in 0.001768 seconds.
Begin MonoManager ReloadAssembly
Native extension for WindowsStandalone target not found
Refreshing native plugins compatible for Editor in 0.44 ms, found 2 plugins.
Preloading 0 native plugins for Editor in 0.00 ms.
Mono: successfully reloaded assembly
- Completed reload, in  0.735 seconds
Platform modules already initialized, skipping
Refreshing native plugins compatible for Editor in 0.38 ms, found 2 plugins.
Preloading 0 native plugins for Editor in 0.00 ms.
Unloading 1747 Unused Serialized files (Serialized files now loaded: 0)
System memory in use before: 80.4 MB.
System memory in use after: 78.5 MB.

Unloading 37 unused Assets to reduce memory usage. Loaded Objects now: 2208.
Total: 3.056400 ms (FindLiveObjects: 0.161700 ms CreateObjectMapping: 0.038800 ms MarkObjects: 1.389800 ms  DeleteObjects: 1.465200 ms)

AssetImportParameters requested are different than current active one (requested -> active):
  custom:framework-win-MediaFoundation: 216162199b28c13a410421893ffa2e32 -> 
  custom:video-decoder-ogg-theora: a1e56fd34408186e4bbccfd4996cb3dc -> 
  custom:container-muxer-webm: aa71ff27fc2769a1b78a27578f13a17b -> 
  custom:container-demuxer-webm: 4f35f7cbe854078d1ac9338744f61a02 -> 
  custom:container-demuxer-ogg: 62fdf1f143b41e24485cea50d1cbac27 -> 
  custom:video-encoder-webm-vp8: eb34c28f22e8b96e1ab97ce403110664 -> 
  custom:video-codec-MediaFoundation-h265: 746d11721c4dcdbdad8f713fa42b33f4 -> 
  custom:video-decoder-webm-vp8: 9c59270c3fd7afecdb556c50c9e8de78 -> 
  custom:audio-decoder-ogg-vorbis: bf7c407c2cedff20999df2af8eb42d56 -> 
  custom:audio-encoder-webm-vorbis: bf7c407c2cedff20999df2af8eb42d56 -> 
========================================================================
Received Import Request.
  Time since last request: 93.425646 seconds.
  path: Assets/Script/SC_Camera.cs
  artifactKey: Guid(a525c453cb7f4a94ca42bef5dd071d46) Importer(815301076,1909f56bfc062723c751e8b465ee728b)
Start importing Assets/Script/SC_Camera.cs using Guid(a525c453cb7f4a94ca42bef5dd071d46) Importer(815301076,1909f56bfc062723c751e8b465ee728b)  -> (artifact id: '3e936e6dcef465cdb026f5e367e6f972') in 0.021065 seconds 
  Import took 0.023409 seconds .

========================================================================
Received Import Request.
  Time since last request: 1.220097 seconds.
  path: Assets/Script/SC_Camera.cs
  artifactKey: Guid(a525c453cb7f4a94ca42bef5dd071d46) Importer(815301076,1909f56bfc062723c751e8b465ee728b)
Start importing Assets/Script/SC_Camera.cs using Guid(a525c453cb7f4a94ca42bef5dd071d46) Importer(815301076,1909f56bfc062723c751e8b465ee728b)  -> (artifact id: '3e936e6dcef465cdb026f5e367e6f972') in 0.018911 seconds 
  Import took 0.021253 seconds .

========================================================================
Received Prepare
Registering precompiled user dll's ...
Registered in 0.001789 seconds.
Begin MonoManager ReloadAssembly
Native extension for WindowsStandalone target not found
Refreshing native plugins compatible for Editor in 0.37 ms, found 2 plugins.
Preloading 0 native plugins for Editor in 0.00 ms.
Mono: successfully reloaded assembly
- Completed reload, in  0.724 seconds
Platform modules already initialized, skipping
Refreshing native plugins compatible for Editor in 0.35 ms, found 2 plugins.
Preloading 0 native plugins for Editor in 0.00 ms.
Unloading 1747 Unused Serialized files (Serialized files now loaded: 0)
System memory in use before: 80.5 MB.
System memory in use after: 78.5 MB.

Unloading 37 unused Assets to reduce memory usage. Loaded Objects now: 2210.
Total: 3.039400 ms (FindLiveObjects: 0.159800 ms CreateObjectMapping: 0.046900 ms MarkObjects: 1.465100 ms  DeleteObjects: 1.367000 ms)

AssetImportParameters requested are different than current active one (requested -> active):
  custom:framework-win-MediaFoundation: 216162199b28c13a410421893ffa2e32 -> 
  custom:video-decoder-ogg-theora: a1e56fd34408186e4bbccfd4996cb3dc -> 
  custom:container-muxer-webm: aa71ff27fc2769a1b78a27578f13a17b -> 
  custom:container-demuxer-webm: 4f35f7cbe854078d1ac9338744f61a02 -> 
  custom:container-demuxer-ogg: 62fdf1f143b41e24485cea50d1cbac27 -> 
  custom:video-encoder-webm-vp8: eb34c28f22e8b96e1ab97ce403110664 -> 
  custom:video-codec-MediaFoundation-h265: 746d11721c4dcdbdad8f713fa42b33f4 -> 
  custom:video-decoder-webm-vp8: 9c59270c3fd7afecdb556c50c9e8de78 -> 
  custom:audio-decoder-ogg-vorbis: bf7c407c2cedff20999df2af8eb42d56 -> 
  custom:audio-encoder-webm-vorbis: bf7c407c2cedff20999df2af8eb42d56 -> 
========================================================================
Received Prepare
Registering precompiled user dll's ...
Registered in 0.001859 seconds.
Begin MonoManager ReloadAssembly
Native extension for WindowsStandalone target not found
Refreshing native plugins compatible for Editor in 0.37 ms, found 2 plugins.
Preloading 0 native plugins for Editor in 0.00 ms.
Mono: successfully reloaded assembly
- Completed reload, in  0.692 seconds
Platform modules already initialized, skipping
Refreshing native plugins compatible for Editor in 0.33 ms, found 2 plugins.
Preloading 0 native plugins for Editor in 0.00 ms.
Unloading 1747 Unused Serialized files (Serialized files now loaded: 0)
System memory in use before: 80.5 MB.
System memory in use after: 78.5 MB.

Unloading 37 unused Assets to reduce memory usage. Loaded Objects now: 2212.
Total: 3.116200 ms (FindLiveObjects: 0.182900 ms CreateObjectMapping: 0.038500 ms MarkObjects: 1.433500 ms  DeleteObjects: 1.460300 ms)

AssetImportParameters requested are different than current active one (requested -> active):
  custom:framework-win-MediaFoundation: 216162199b28c13a410421893ffa2e32 -> 
  custom:video-decoder-ogg-theora: a1e56fd34408186e4bbccfd4996cb3dc -> 
  custom:container-muxer-webm: aa71ff27fc2769a1b78a27578f13a17b -> 
  custom:container-demuxer-webm: 4f35f7cbe854078d1ac9338744f61a02 -> 
  custom:container-demuxer-ogg: 62fdf1f143b41e24485cea50d1cbac27 -> 
  custom:video-encoder-webm-vp8: eb34c28f22e8b96e1ab97ce403110664 -> 
  custom:video-codec-MediaFoundation-h265: 746d11721c4dcdbdad8f713fa42b33f4 -> 
  custom:video-decoder-webm-vp8: 9c59270c3fd7afecdb556c50c9e8de78 -> 
  custom:audio-decoder-ogg-vorbis: bf7c407c2cedff20999df2af8eb42d56 -> 
  custom:audio-encoder-webm-vorbis: bf7c407c2cedff20999df2af8eb42d56 -> 
========================================================================
Received Import Request.
  Time since last request: 52.206226 seconds.
  path: Assets/Prefab
  artifactKey: Guid(d88582e0b4446fa4ab7f3dba40adc95e) Importer(815301076,1909f56bfc062723c751e8b465ee728b)
Start importing Assets/Prefab using Guid(d88582e0b4446fa4ab7f3dba40adc95e) Importer(815301076,1909f56bfc062723c751e8b465ee728b)  -> (artifact id: '05535e4ca5b3e9b832427d96510a6974') in 0.022418 seconds 
  Import took 0.024516 seconds .

========================================================================
Received Import Request.
  Time since last request: 8.491261 seconds.
  path: Assets/Prefab/Camera
  artifactKey: Guid(daf4d529479184a4484f7f5d9e697edc) Importer(815301076,1909f56bfc062723c751e8b465ee728b)
Start importing Assets/Prefab/Camera using Guid(daf4d529479184a4484f7f5d9e697edc) Importer(815301076,1909f56bfc062723c751e8b465ee728b)  -> (artifact id: 'f9513c8ac7dd1d00335ee20cc53a9304') in 0.020603 seconds 
  Import took 0.023037 seconds .

========================================================================
Received Import Request.
  Time since last request: 6.655383 seconds.
  path: Assets/Prefab/Player
  artifactKey: Guid(495a1494fc75a544ea6369c096fbdb34) Importer(815301076,1909f56bfc062723c751e8b465ee728b)
Start importing Assets/Prefab/Player using Guid(495a1494fc75a544ea6369c096fbdb34) Importer(815301076,1909f56bfc062723c751e8b465ee728b)  -> (artifact id: '453f768b8800df37737615be1b18bc6b') in 0.019679 seconds 
  Import took 0.022092 seconds .

========================================================================
Received Import Request.
  Time since last request: 4.778290 seconds.
  path: Assets/Prefab/Pipe
  artifactKey: Guid(e10c7d169d6229b4c983f9261d2d9fb3) Importer(815301076,1909f56bfc062723c751e8b465ee728b)
Start importing Assets/Prefab/Pipe using Guid(e10c7d169d6229b4c983f9261d2d9fb3) Importer(815301076,1909f56bfc062723c751e8b465ee728b)  -> (artifact id: 'c824b5a5365bed2d61bdec4e0e1edf41') in 0.021111 seconds 
  Import took 0.023632 seconds .

========================================================================
Received Import Request.
  Time since last request: 4.034721 seconds.
  path: Assets/Prefab/Player/Player.prefab
  artifactKey: Guid(2264b17c8ddc97c43a16d54565b859ff) Importer(815301076,1909f56bfc062723c751e8b465ee728b)
Start importing Assets/Prefab/Player/Player.prefab using Guid(2264b17c8ddc97c43a16d54565b859ff) Importer(815301076,1909f56bfc062723c751e8b465ee728b)  -> (artifact id: '5d030cc4baaea639bbea72210605298e') in 0.089681 seconds 
  Import took 0.092305 seconds .

========================================================================
Received Import Request.
  Time since last request: 6.096804 seconds.
  path: Assets/Prefab/Camera/Main Camera.prefab
  artifactKey: Guid(0da5449f9a08c034f9627c5843a1b888) Importer(815301076,1909f56bfc062723c751e8b465ee728b)
Start importing Assets/Prefab/Camera/Main Camera.prefab using Guid(0da5449f9a08c034f9627c5843a1b888) Importer(815301076,1909f56bfc062723c751e8b465ee728b)  -> (artifact id: '7e1fe83f753a6c73c9948acc8fbf6974') in 0.022022 seconds 
  Import took 0.024609 seconds .

========================================================================
Received Import Request.
  Time since last request: 0.006208 seconds.
  path: Assets/Prefab/Camera/Main Camera.prefab
  artifactKey: Guid(0da5449f9a08c034f9627c5843a1b888) Importer(815301076,1909f56bfc062723c751e8b465ee728b)
Start importing Assets/Prefab/Camera/Main Camera.prefab using Guid(0da5449f9a08c034f9627c5843a1b888) Importer(815301076,1909f56bfc062723c751e8b465ee728b)  -> (artifact id: '7e1fe83f753a6c73c9948acc8fbf6974') in 0.020466 seconds 
  Import took 0.022856 seconds .

========================================================================
Received Import Request.
  Time since last request: 11.730111 seconds.
  path: Assets/Prefab/Camera/Main Camera.prefab
  artifactKey: Guid(0da5449f9a08c034f9627c5843a1b888) Importer(815301076,1909f56bfc062723c751e8b465ee728b)
Start importing Assets/Prefab/Camera/Main Camera.prefab using Guid(0da5449f9a08c034f9627c5843a1b888) Importer(815301076,1909f56bfc062723c751e8b465ee728b)  -> (artifact id: '7e5505bc8016031062f968f5fbd432c4') in 0.020675 seconds 
  Import took 0.023557 seconds .

========================================================================
Received Import Request.
  Time since last request: 4.868485 seconds.
  path: Assets/Script/SC_Camera.cs
  artifactKey: Guid(a525c453cb7f4a94ca42bef5dd071d46) Importer(815301076,1909f56bfc062723c751e8b465ee728b)
Start importing Assets/Script/SC_Camera.cs using Guid(a525c453cb7f4a94ca42bef5dd071d46) Importer(815301076,1909f56bfc062723c751e8b465ee728b)  -> (artifact id: '1d8d6d5884ed1a2abc72f8291c184fd5') in 0.020320 seconds 
  Import took 0.022790 seconds .

========================================================================
Received Import Request.
  Time since last request: 2.264206 seconds.
  path: Assets/Script/SC_Camera.cs
  artifactKey: Guid(a525c453cb7f4a94ca42bef5dd071d46) Importer(815301076,1909f56bfc062723c751e8b465ee728b)
Start importing Assets/Script/SC_Camera.cs using Guid(a525c453cb7f4a94ca42bef5dd071d46) Importer(815301076,1909f56bfc062723c751e8b465ee728b)  -> (artifact id: 'eae05eb9ec1cfb7bd7a6fef9f89a9049') in 0.021685 seconds 
  Import took 0.024251 seconds .

========================================================================
Received Prepare
Registering precompiled user dll's ...
Registered in 0.001816 seconds.
Begin MonoManager ReloadAssembly
Native extension for WindowsStandalone target not found
Refreshing native plugins compatible for Editor in 0.37 ms, found 2 plugins.
Preloading 0 native plugins for Editor in 0.00 ms.
Mono: successfully reloaded assembly
- Completed reload, in  0.722 seconds
Platform modules already initialized, skipping
Refreshing native plugins compatible for Editor in 0.37 ms, found 2 plugins.
Preloading 0 native plugins for Editor in 0.00 ms.
Unloading 1747 Unused Serialized files (Serialized files now loaded: 0)
System memory in use before: 83.7 MB.
System memory in use after: 81.7 MB.

Unloading 38 unused Assets to reduce memory usage. Loaded Objects now: 2222.
Total: 2.838500 ms (FindLiveObjects: 0.171200 ms CreateObjectMapping: 0.047900 ms MarkObjects: 1.467600 ms  DeleteObjects: 1.150900 ms)

AssetImportParameters requested are different than current active one (requested -> active):
  custom:framework-win-MediaFoundation: 216162199b28c13a410421893ffa2e32 -> 
  custom:video-decoder-ogg-theora: a1e56fd34408186e4bbccfd4996cb3dc -> 
  custom:container-muxer-webm: aa71ff27fc2769a1b78a27578f13a17b -> 
  custom:container-demuxer-webm: 4f35f7cbe854078d1ac9338744f61a02 -> 
  custom:container-demuxer-ogg: 62fdf1f143b41e24485cea50d1cbac27 -> 
  custom:video-encoder-webm-vp8: eb34c28f22e8b96e1ab97ce403110664 -> 
  custom:video-codec-MediaFoundation-h265: 746d11721c4dcdbdad8f713fa42b33f4 -> 
  custom:video-decoder-webm-vp8: 9c59270c3fd7afecdb556c50c9e8de78 -> 
  custom:audio-decoder-ogg-vorbis: bf7c407c2cedff20999df2af8eb42d56 -> 
  custom:audio-encoder-webm-vorbis: bf7c407c2cedff20999df2af8eb42d56 -> 
========================================================================
Received Prepare
Registering precompiled user dll's ...
Registered in 0.001736 seconds.
Begin MonoManager ReloadAssembly
Native extension for WindowsStandalone target not found
Refreshing native plugins compatible for Editor in 0.37 ms, found 2 plugins.
Preloading 0 native plugins for Editor in 0.00 ms.
Mono: successfully reloaded assembly
- Completed reload, in  0.726 seconds
Platform modules already initialized, skipping
Refreshing native plugins compatible for Editor in 0.35 ms, found 2 plugins.
Preloading 0 native plugins for Editor in 0.00 ms.
Unloading 1747 Unused Serialized files (Serialized files now loaded: 0)
System memory in use before: 83.7 MB.
System memory in use after: 81.7 MB.

Unloading 37 unused Assets to reduce memory usage. Loaded Objects now: 2224.
Total: 2.921400 ms (FindLiveObjects: 0.171000 ms CreateObjectMapping: 0.044600 ms MarkObjects: 1.412400 ms  DeleteObjects: 1.292200 ms)

AssetImportParameters requested are different than current active one (requested -> active):
  custom:framework-win-MediaFoundation: 216162199b28c13a410421893ffa2e32 -> 
  custom:video-decoder-ogg-theora: a1e56fd34408186e4bbccfd4996cb3dc -> 
  custom:container-muxer-webm: aa71ff27fc2769a1b78a27578f13a17b -> 
  custom:container-demuxer-webm: 4f35f7cbe854078d1ac9338744f61a02 -> 
  custom:container-demuxer-ogg: 62fdf1f143b41e24485cea50d1cbac27 -> 
  custom:video-encoder-webm-vp8: eb34c28f22e8b96e1ab97ce403110664 -> 
  custom:video-codec-MediaFoundation-h265: 746d11721c4dcdbdad8f713fa42b33f4 -> 
  custom:video-decoder-webm-vp8: 9c59270c3fd7afecdb556c50c9e8de78 -> 
  custom:audio-decoder-ogg-vorbis: bf7c407c2cedff20999df2af8eb42d56 -> 
  custom:audio-encoder-webm-vorbis: bf7c407c2cedff20999df2af8eb42d56 -> 
========================================================================
Received Import Request.
  Time since last request: 51.281779 seconds.
  path: Assets/Script/Player
  artifactKey: Guid(c30fde2ca065aee4fad0f82f8c927708) Importer(815301076,1909f56bfc062723c751e8b465ee728b)
Start importing Assets/Script/Player using Guid(c30fde2ca065aee4fad0f82f8c927708) Importer(815301076,1909f56bfc062723c751e8b465ee728b)  -> (artifact id: 'c5e363e2915f827018db1b13a1cf1c06') in 0.020659 seconds 
  Import took 0.023168 seconds .

========================================================================
Received Prepare
Registering precompiled user dll's ...
Registered in 0.001804 seconds.
Begin MonoManager ReloadAssembly
Native extension for WindowsStandalone target not found
Refreshing native plugins compatible for Editor in 0.36 ms, found 2 plugins.
Preloading 0 native plugins for Editor in 0.00 ms.
Mono: successfully reloaded assembly
- Completed reload, in  0.714 seconds
Platform modules already initialized, skipping
Refreshing native plugins compatible for Editor in 0.32 ms, found 2 plugins.
Preloading 0 native plugins for Editor in 0.00 ms.
Unloading 1747 Unused Serialized files (Serialized files now loaded: 0)
System memory in use before: 83.7 MB.
System memory in use after: 81.7 MB.

Unloading 37 unused Assets to reduce memory usage. Loaded Objects now: 2226.
Total: 3.347900 ms (FindLiveObjects: 0.174400 ms CreateObjectMapping: 0.042200 ms MarkObjects: 1.607200 ms  DeleteObjects: 1.523000 ms)

AssetImportParameters requested are different than current active one (requested -> active):
  custom:framework-win-MediaFoundation: 216162199b28c13a410421893ffa2e32 -> 
  custom:video-decoder-ogg-theora: a1e56fd34408186e4bbccfd4996cb3dc -> 
  custom:container-muxer-webm: aa71ff27fc2769a1b78a27578f13a17b -> 
  custom:container-demuxer-webm: 4f35f7cbe854078d1ac9338744f61a02 -> 
  custom:container-demuxer-ogg: 62fdf1f143b41e24485cea50d1cbac27 -> 
  custom:video-encoder-webm-vp8: eb34c28f22e8b96e1ab97ce403110664 -> 
  custom:video-codec-MediaFoundation-h265: 746d11721c4dcdbdad8f713fa42b33f4 -> 
  custom:video-decoder-webm-vp8: 9c59270c3fd7afecdb556c50c9e8de78 -> 
  custom:audio-decoder-ogg-vorbis: bf7c407c2cedff20999df2af8eb42d56 -> 
  custom:audio-encoder-webm-vorbis: bf7c407c2cedff20999df2af8eb42d56 -> 
========================================================================
Received Import Request.
  Time since last request: 11.518073 seconds.
  path: Assets/Script/Camera
  artifactKey: Guid(c30fde2ca065aee4fad0f82f8c927708) Importer(815301076,1909f56bfc062723c751e8b465ee728b)
Start importing Assets/Script/Camera using Guid(c30fde2ca065aee4fad0f82f8c927708) Importer(815301076,1909f56bfc062723c751e8b465ee728b)  -> (artifact id: '663bbc9c798ad988218391a3307e8c5b') in 0.026908 seconds 
  Import took 0.029358 seconds .

========================================================================
Received Prepare
Registering precompiled user dll's ...
Registered in 0.001737 seconds.
Begin MonoManager ReloadAssembly
Native extension for WindowsStandalone target not found
Refreshing native plugins compatible for Editor in 0.37 ms, found 2 plugins.
Preloading 0 native plugins for Editor in 0.00 ms.
Mono: successfully reloaded assembly
- Completed reload, in  0.715 seconds
Platform modules already initialized, skipping
Refreshing native plugins compatible for Editor in 0.35 ms, found 2 plugins.
Preloading 0 native plugins for Editor in 0.00 ms.
Unloading 1747 Unused Serialized files (Serialized files now loaded: 0)
System memory in use before: 83.7 MB.
System memory in use after: 81.7 MB.

Unloading 37 unused Assets to reduce memory usage. Loaded Objects now: 2228.
Total: 2.945500 ms (FindLiveObjects: 0.160500 ms CreateObjectMapping: 0.038500 ms MarkObjects: 1.445400 ms  DeleteObjects: 1.300000 ms)

AssetImportParameters requested are different than current active one (requested -> active):
  custom:framework-win-MediaFoundation: 216162199b28c13a410421893ffa2e32 -> 
  custom:video-decoder-ogg-theora: a1e56fd34408186e4bbccfd4996cb3dc -> 
  custom:container-muxer-webm: aa71ff27fc2769a1b78a27578f13a17b -> 
  custom:container-demuxer-webm: 4f35f7cbe854078d1ac9338744f61a02 -> 
  custom:container-demuxer-ogg: 62fdf1f143b41e24485cea50d1cbac27 -> 
  custom:video-encoder-webm-vp8: eb34c28f22e8b96e1ab97ce403110664 -> 
  custom:video-codec-MediaFoundation-h265: 746d11721c4dcdbdad8f713fa42b33f4 -> 
  custom:video-decoder-webm-vp8: 9c59270c3fd7afecdb556c50c9e8de78 -> 
  custom:audio-decoder-ogg-vorbis: bf7c407c2cedff20999df2af8eb42d56 -> 
  custom:audio-encoder-webm-vorbis: bf7c407c2cedff20999df2af8eb42d56 -> 
========================================================================
Received Import Request.
  Time since last request: 366.890101 seconds.
  path: Assets/Prefab/Pipe/Straight
  artifactKey: Guid(c10797d04cdafb74991b18527277f5d3) Importer(815301076,1909f56bfc062723c751e8b465ee728b)
Start importing Assets/Prefab/Pipe/Straight using Guid(c10797d04cdafb74991b18527277f5d3) Importer(815301076,1909f56bfc062723c751e8b465ee728b)  -> (artifact id: '2be811c7e65b897315dbf7a50f3e409a') in 0.022780 seconds 
  Import took 0.025595 seconds .

========================================================================
Received Import Request.
  Time since last request: 3.253879 seconds.
  path: Assets/Prefab/Pipe/Straight/Pipe.prefab
  artifactKey: Guid(875d3b9ea6abea94d9350a9abba6ed01) Importer(815301076,1909f56bfc062723c751e8b465ee728b)
Start importing Assets/Prefab/Pipe/Straight/Pipe.prefab using Guid(875d3b9ea6abea94d9350a9abba6ed01) Importer(815301076,1909f56bfc062723c751e8b465ee728b)  -> (artifact id: 'a48957ba51189b90ffb508fd0c36dd54') in 0.040793 seconds 
  Import took 0.043285 seconds .

========================================================================
Received Import Request.
  Time since last request: 0.004030 seconds.
  path: Assets/Prefab/Pipe/Straight/Pipe.prefab
  artifactKey: Guid(875d3b9ea6abea94d9350a9abba6ed01) Importer(815301076,1909f56bfc062723c751e8b465ee728b)
Start importing Assets/Prefab/Pipe/Straight/Pipe.prefab using Guid(875d3b9ea6abea94d9350a9abba6ed01) Importer(815301076,1909f56bfc062723c751e8b465ee728b)  -> (artifact id: 'a48957ba51189b90ffb508fd0c36dd54') in 0.020417 seconds 
  Import took 0.023034 seconds .

========================================================================
Received Import Request.
  Time since last request: 19.812563 seconds.
  path: Assets/Prefab/Pipe/Straight/Straight_10.prefab
  artifactKey: Guid(875d3b9ea6abea94d9350a9abba6ed01) Importer(815301076,1909f56bfc062723c751e8b465ee728b)
Start importing Assets/Prefab/Pipe/Straight/Straight_10.prefab using Guid(875d3b9ea6abea94d9350a9abba6ed01) Importer(815301076,1909f56bfc062723c751e8b465ee728b)  -> (artifact id: '389e922eef9d5da2d2a3d774db14811c') in 0.021739 seconds 
  Import took 0.024255 seconds .

========================================================================
Received Import Request.
  Time since last request: 0.002360 seconds.
  path: Assets/Prefab/Pipe/Straight/Straight_10.prefab
  artifactKey: Guid(875d3b9ea6abea94d9350a9abba6ed01) Importer(815301076,1909f56bfc062723c751e8b465ee728b)
Start importing Assets/Prefab/Pipe/Straight/Straight_10.prefab using Guid(875d3b9ea6abea94d9350a9abba6ed01) Importer(815301076,1909f56bfc062723c751e8b465ee728b)  -> (artifact id: '389e922eef9d5da2d2a3d774db14811c') in 0.020497 seconds 
  Import took 0.022663 seconds .

========================================================================
Received Import Request.
  Time since last request: 5.024006 seconds.
  path: Assets/Prefab/Pipe/Straight/Pipe (1).prefab
  artifactKey: Guid(b646727f210747a429927497713572f8) Importer(815301076,1909f56bfc062723c751e8b465ee728b)
Start importing Assets/Prefab/Pipe/Straight/Pipe (1).prefab using Guid(b646727f210747a429927497713572f8) Importer(815301076,1909f56bfc062723c751e8b465ee728b)  -> (artifact id: '3991b41e514b1ef01c2c1efab58d0077') in 0.022076 seconds 
  Import took 0.024697 seconds .

========================================================================
Received Import Request.
  Time since last request: 9.790750 seconds.
  path: Assets/Prefab/Pipe/Straight/Straight_9.prefab
  artifactKey: Guid(b646727f210747a429927497713572f8) Importer(815301076,1909f56bfc062723c751e8b465ee728b)
Start importing Assets/Prefab/Pipe/Straight/Straight_9.prefab using Guid(b646727f210747a429927497713572f8) Importer(815301076,1909f56bfc062723c751e8b465ee728b)  -> (artifact id: '63963ba25579789ef3adf48e5469f29a') in 0.021137 seconds 
  Import took 0.024006 seconds .

========================================================================
Received Import Request.
  Time since last request: 0.001418 seconds.
  path: Assets/Prefab/Pipe/Straight/Straight_9.prefab
  artifactKey: Guid(b646727f210747a429927497713572f8) Importer(815301076,1909f56bfc062723c751e8b465ee728b)
Start importing Assets/Prefab/Pipe/Straight/Straight_9.prefab using Guid(b646727f210747a429927497713572f8) Importer(815301076,1909f56bfc062723c751e8b465ee728b)  -> (artifact id: '63963ba25579789ef3adf48e5469f29a') in 0.020676 seconds 
  Import took 0.022913 seconds .

========================================================================
Received Import Request.
  Time since last request: 2.568118 seconds.
  path: Assets/Prefab/Pipe/Straight/Pipe (2).prefab
  artifactKey: Guid(795ad623c8fb57149a7b85f0a65db96f) Importer(815301076,1909f56bfc062723c751e8b465ee728b)
Start importing Assets/Prefab/Pipe/Straight/Pipe (2).prefab using Guid(795ad623c8fb57149a7b85f0a65db96f) Importer(815301076,1909f56bfc062723c751e8b465ee728b)  -> (artifact id: '17fee0f6f7a4a3f8a7aae7166fe9ea9b') in 0.022165 seconds 
  Import took 0.024721 seconds .

========================================================================
Received Import Request.
  Time since last request: 3.287165 seconds.
  path: Assets/Prefab/Pipe/Straight/Straight_8.prefab
  artifactKey: Guid(795ad623c8fb57149a7b85f0a65db96f) Importer(815301076,1909f56bfc062723c751e8b465ee728b)
Start importing Assets/Prefab/Pipe/Straight/Straight_8.prefab using Guid(795ad623c8fb57149a7b85f0a65db96f) Importer(815301076,1909f56bfc062723c751e8b465ee728b)  -> (artifact id: 'b7d0efe82db0ee53916cba9f82afaeea') in 0.022796 seconds 
  Import took 0.025410 seconds .

========================================================================
Received Import Request.
  Time since last request: 0.000664 seconds.
  path: Assets/Prefab/Pipe/Straight/Straight_8.prefab
  artifactKey: Guid(795ad623c8fb57149a7b85f0a65db96f) Importer(815301076,1909f56bfc062723c751e8b465ee728b)
Start importing Assets/Prefab/Pipe/Straight/Straight_8.prefab using Guid(795ad623c8fb57149a7b85f0a65db96f) Importer(815301076,1909f56bfc062723c751e8b465ee728b)  -> (artifact id: 'b7d0efe82db0ee53916cba9f82afaeea') in 0.020370 seconds 
  Import took 0.022555 seconds .

========================================================================
Received Import Request.
  Time since last request: 2.906743 seconds.
  path: Assets/Prefab/Pipe/Straight/Pipe (3).prefab
  artifactKey: Guid(346cc83e2201d8a4a955c5c79c2276d5) Importer(815301076,1909f56bfc062723c751e8b465ee728b)
Start importing Assets/Prefab/Pipe/Straight/Pipe (3).prefab using Guid(346cc83e2201d8a4a955c5c79c2276d5) Importer(815301076,1909f56bfc062723c751e8b465ee728b)  -> (artifact id: '43bc4d1e46c0a17b96f50e9c9fac996f') in 0.022396 seconds 
  Import took 0.024964 seconds .

========================================================================
Received Import Request.
  Time since last request: 7.756377 seconds.
  path: Assets/Prefab/Pipe/Straight/Straight_7.prefab
  artifactKey: Guid(346cc83e2201d8a4a955c5c79c2276d5) Importer(815301076,1909f56bfc062723c751e8b465ee728b)
Start importing Assets/Prefab/Pipe/Straight/Straight_7.prefab using Guid(346cc83e2201d8a4a955c5c79c2276d5) Importer(815301076,1909f56bfc062723c751e8b465ee728b)  -> (artifact id: 'cfb5fec92262258939cc8290fe73f028') in 0.021554 seconds 
  Import took 0.024078 seconds .

========================================================================
Received Import Request.
  Time since last request: 0.002000 seconds.
  path: Assets/Prefab/Pipe/Straight/Straight_7.prefab
  artifactKey: Guid(346cc83e2201d8a4a955c5c79c2276d5) Importer(815301076,1909f56bfc062723c751e8b465ee728b)
Start importing Assets/Prefab/Pipe/Straight/Straight_7.prefab using Guid(346cc83e2201d8a4a955c5c79c2276d5) Importer(815301076,1909f56bfc062723c751e8b465ee728b)  -> (artifact id: 'cfb5fec92262258939cc8290fe73f028') in 0.020283 seconds 
  Import took 0.022574 seconds .

========================================================================
Received Import Request.
  Time since last request: 3.136712 seconds.
  path: Assets/Prefab/Pipe/Straight/Pipe (9).prefab
  artifactKey: Guid(a617957661f7c294a8b877dcdda74b8f) Importer(815301076,1909f56bfc062723c751e8b465ee728b)
Start importing Assets/Prefab/Pipe/Straight/Pipe (9).prefab using Guid(a617957661f7c294a8b877dcdda74b8f) Importer(815301076,1909f56bfc062723c751e8b465ee728b)  -> (artifact id: 'c257a3d1ca4525abb5c3fd0dc36f28f0') in 0.022276 seconds 
  Import took 0.024706 seconds .

========================================================================
Received Import Request.
  Time since last request: 3.396375 seconds.
  path: Assets/Prefab/Pipe/Straight/Straight_6.prefab
  artifactKey: Guid(a617957661f7c294a8b877dcdda74b8f) Importer(815301076,1909f56bfc062723c751e8b465ee728b)
Start importing Assets/Prefab/Pipe/Straight/Straight_6.prefab using Guid(a617957661f7c294a8b877dcdda74b8f) Importer(815301076,1909f56bfc062723c751e8b465ee728b)  -> (artifact id: 'dbe45a127ef286910f2b80eab115ad51') in 0.022282 seconds 
  Import took 0.024801 seconds .

========================================================================
Received Import Request.
  Time since last request: 0.000558 seconds.
  path: Assets/Prefab/Pipe/Straight/Straight_6.prefab
  artifactKey: Guid(a617957661f7c294a8b877dcdda74b8f) Importer(815301076,1909f56bfc062723c751e8b465ee728b)
Start importing Assets/Prefab/Pipe/Straight/Straight_6.prefab using Guid(a617957661f7c294a8b877dcdda74b8f) Importer(815301076,1909f56bfc062723c751e8b465ee728b)  -> (artifact id: 'dbe45a127ef286910f2b80eab115ad51') in 0.020506 seconds 
  Import took 0.022627 seconds .

========================================================================
Received Import Request.
  Time since last request: 2.755452 seconds.
  path: Assets/Prefab/Pipe/Straight/Pipe (4).prefab
  artifactKey: Guid(4c4fde0023e56b241a71a7f609522383) Importer(815301076,1909f56bfc062723c751e8b465ee728b)
Start importing Assets/Prefab/Pipe/Straight/Pipe (4).prefab using Guid(4c4fde0023e56b241a71a7f609522383) Importer(815301076,1909f56bfc062723c751e8b465ee728b)  -> (artifact id: '24f06d11d7317fce24414bbc6de3468a') in 0.021279 seconds 
  Import took 0.023784 seconds .

========================================================================
Received Import Request.
  Time since last request: 3.467046 seconds.
  path: Assets/Prefab/Pipe/Straight/Straight_5.prefab
  artifactKey: Guid(4c4fde0023e56b241a71a7f609522383) Importer(815301076,1909f56bfc062723c751e8b465ee728b)
Start importing Assets/Prefab/Pipe/Straight/Straight_5.prefab using Guid(4c4fde0023e56b241a71a7f609522383) Importer(815301076,1909f56bfc062723c751e8b465ee728b)  -> (artifact id: '23d8fca9929a219d44152d5dac37da63') in 0.021553 seconds 
  Import took 0.024061 seconds .

========================================================================
Received Import Request.
  Time since last request: 0.002834 seconds.
  path: Assets/Prefab/Pipe/Straight/Straight_5.prefab
  artifactKey: Guid(4c4fde0023e56b241a71a7f609522383) Importer(815301076,1909f56bfc062723c751e8b465ee728b)
Start importing Assets/Prefab/Pipe/Straight/Straight_5.prefab using Guid(4c4fde0023e56b241a71a7f609522383) Importer(815301076,1909f56bfc062723c751e8b465ee728b)  -> (artifact id: '23d8fca9929a219d44152d5dac37da63') in 0.020512 seconds 
  Import took 0.022815 seconds .

========================================================================
Received Import Request.
  Time since last request: 2.469856 seconds.
  path: Assets/Prefab/Pipe/Straight/Pipe (5).prefab
  artifactKey: Guid(9a66e8833d09db44f9adc952e41b2f65) Importer(815301076,1909f56bfc062723c751e8b465ee728b)
Start importing Assets/Prefab/Pipe/Straight/Pipe (5).prefab using Guid(9a66e8833d09db44f9adc952e41b2f65) Importer(815301076,1909f56bfc062723c751e8b465ee728b)  -> (artifact id: 'a653814789b8916c7872576f1724e485') in 0.022160 seconds 
  Import took 0.024657 seconds .

========================================================================
Received Import Request.
  Time since last request: 3.562039 seconds.
  path: Assets/Prefab/Pipe/Straight/Straight_4.prefab
  artifactKey: Guid(9a66e8833d09db44f9adc952e41b2f65) Importer(815301076,1909f56bfc062723c751e8b465ee728b)
Start importing Assets/Prefab/Pipe/Straight/Straight_4.prefab using Guid(9a66e8833d09db44f9adc952e41b2f65) Importer(815301076,1909f56bfc062723c751e8b465ee728b)  -> (artifact id: 'cc853e65ca01e5792cfbc5c53e4919e4') in 0.027785 seconds 
  Import took 0.030302 seconds .

========================================================================
Received Import Request.
  Time since last request: 2.726377 seconds.
  path: Assets/Prefab/Pipe/Straight/Pipe (6).prefab
  artifactKey: Guid(741d5d44d25857e4ab4c6dac90655046) Importer(815301076,1909f56bfc062723c751e8b465ee728b)
Start importing Assets/Prefab/Pipe/Straight/Pipe (6).prefab using Guid(741d5d44d25857e4ab4c6dac90655046) Importer(815301076,1909f56bfc062723c751e8b465ee728b)  -> (artifact id: 'b50e30a83ed5f098e0e712f5f8fd171f') in 0.021796 seconds 
  Import took 0.024360 seconds .

========================================================================
Received Import Request.
  Time since last request: 2.914881 seconds.
  path: Assets/Prefab/Pipe/Straight/Straight_3.prefab
  artifactKey: Guid(741d5d44d25857e4ab4c6dac90655046) Importer(815301076,1909f56bfc062723c751e8b465ee728b)
Start importing Assets/Prefab/Pipe/Straight/Straight_3.prefab using Guid(741d5d44d25857e4ab4c6dac90655046) Importer(815301076,1909f56bfc062723c751e8b465ee728b)  -> (artifact id: '10ff0912dd413c8f21ba4cb1b5c1570e') in 0.021582 seconds 
  Import took 0.024088 seconds .

========================================================================
Received Import Request.
  Time since last request: 0.002527 seconds.
  path: Assets/Prefab/Pipe/Straight/Straight_3.prefab
  artifactKey: Guid(741d5d44d25857e4ab4c6dac90655046) Importer(815301076,1909f56bfc062723c751e8b465ee728b)
Start importing Assets/Prefab/Pipe/Straight/Straight_3.prefab using Guid(741d5d44d25857e4ab4c6dac90655046) Importer(815301076,1909f56bfc062723c751e8b465ee728b)  -> (artifact id: '10ff0912dd413c8f21ba4cb1b5c1570e') in 0.021434 seconds 
  Import took 0.024209 seconds .

========================================================================
Received Import Request.
  Time since last request: 2.650609 seconds.
  path: Assets/Prefab/Pipe/Straight/Pipe (7).prefab
  artifactKey: Guid(4be05d9dbca6cb84c84af34b651186dc) Importer(815301076,1909f56bfc062723c751e8b465ee728b)
Start importing Assets/Prefab/Pipe/Straight/Pipe (7).prefab using Guid(4be05d9dbca6cb84c84af34b651186dc) Importer(815301076,1909f56bfc062723c751e8b465ee728b)  -> (artifact id: 'e22679e9574d94e32fc36525ec3dc8ff') in 0.022439 seconds 
  Import took 0.025313 seconds .

========================================================================
Received Import Request.
  Time since last request: 3.148578 seconds.
  path: Assets/Prefab/Pipe/Straight/Straight_2.prefab
  artifactKey: Guid(4be05d9dbca6cb84c84af34b651186dc) Importer(815301076,1909f56bfc062723c751e8b465ee728b)
Start importing Assets/Prefab/Pipe/Straight/Straight_2.prefab using Guid(4be05d9dbca6cb84c84af34b651186dc) Importer(815301076,1909f56bfc062723c751e8b465ee728b)  -> (artifact id: '5d48046f4e65d57c45a7464d70a38c16') in 0.021919 seconds 
  Import took 0.024429 seconds .

========================================================================
Received Import Request.
  Time since last request: 0.002026 seconds.
  path: Assets/Prefab/Pipe/Straight/Straight_2.prefab
  artifactKey: Guid(4be05d9dbca6cb84c84af34b651186dc) Importer(815301076,1909f56bfc062723c751e8b465ee728b)
Start importing Assets/Prefab/Pipe/Straight/Straight_2.prefab using Guid(4be05d9dbca6cb84c84af34b651186dc) Importer(815301076,1909f56bfc062723c751e8b465ee728b)  -> (artifact id: '5d48046f4e65d57c45a7464d70a38c16') in 0.020512 seconds 
  Import took 0.022980 seconds .

========================================================================
Received Import Request.
  Time since last request: 2.606539 seconds.
  path: Assets/Prefab/Pipe/Straight/Pipe (8).prefab
  artifactKey: Guid(86caf02bd36bc0546bbc4b49f1152712) Importer(815301076,1909f56bfc062723c751e8b465ee728b)
Start importing Assets/Prefab/Pipe/Straight/Pipe (8).prefab using Guid(86caf02bd36bc0546bbc4b49f1152712) Importer(815301076,1909f56bfc062723c751e8b465ee728b)  -> (artifact id: 'b626a8e8c4d6f44645ab3946f9957f3a') in 0.021789 seconds 
  Import took 0.024339 seconds .

========================================================================
Received Import Request.
  Time since last request: 4.395625 seconds.
  path: Assets/Prefab/Pipe/Straight/Straight_1.prefab
  artifactKey: Guid(86caf02bd36bc0546bbc4b49f1152712) Importer(815301076,1909f56bfc062723c751e8b465ee728b)
Start importing Assets/Prefab/Pipe/Straight/Straight_1.prefab using Guid(86caf02bd36bc0546bbc4b49f1152712) Importer(815301076,1909f56bfc062723c751e8b465ee728b)  -> (artifact id: '8450b0bcc49c9456b2f0711b1f303aa2') in 0.021260 seconds 
  Import took 0.023701 seconds .

========================================================================
Received Import Request.
  Time since last request: 19.768535 seconds.
  path: Assets/Prefab/Pipe/Curve
  artifactKey: Guid(7851c822a11d78f4d9372fc2adab4c3e) Importer(815301076,1909f56bfc062723c751e8b465ee728b)
Start importing Assets/Prefab/Pipe/Curve using Guid(7851c822a11d78f4d9372fc2adab4c3e) Importer(815301076,1909f56bfc062723c751e8b465ee728b)  -> (artifact id: 'd6c263f3991ea1506255bb855aed660d') in 0.020874 seconds 
  Import took 0.023444 seconds .

========================================================================
Received Prepare
Registering precompiled user dll's ...
Registered in 0.001718 seconds.
Begin MonoManager ReloadAssembly
Native extension for WindowsStandalone target not found
Refreshing native plugins compatible for Editor in 0.38 ms, found 2 plugins.
Preloading 0 native plugins for Editor in 0.00 ms.
Mono: successfully reloaded assembly
- Completed reload, in  0.759 seconds
Platform modules already initialized, skipping
Refreshing native plugins compatible for Editor in 0.37 ms, found 2 plugins.
Preloading 0 native plugins for Editor in 0.00 ms.
Unloading 1747 Unused Serialized files (Serialized files now loaded: 0)
System memory in use before: 83.7 MB.
System memory in use after: 81.7 MB.

Unloading 37 unused Assets to reduce memory usage. Loaded Objects now: 2230.
Total: 2.922700 ms (FindLiveObjects: 0.169700 ms CreateObjectMapping: 0.039100 ms MarkObjects: 1.445300 ms  DeleteObjects: 1.267500 ms)

AssetImportParameters requested are different than current active one (requested -> active):
  custom:framework-win-MediaFoundation: 216162199b28c13a410421893ffa2e32 -> 
  custom:video-decoder-ogg-theora: a1e56fd34408186e4bbccfd4996cb3dc -> 
  custom:container-muxer-webm: aa71ff27fc2769a1b78a27578f13a17b -> 
  custom:container-demuxer-webm: 4f35f7cbe854078d1ac9338744f61a02 -> 
  custom:container-demuxer-ogg: 62fdf1f143b41e24485cea50d1cbac27 -> 
  custom:video-encoder-webm-vp8: eb34c28f22e8b96e1ab97ce403110664 -> 
  custom:video-codec-MediaFoundation-h265: 746d11721c4dcdbdad8f713fa42b33f4 -> 
  custom:video-decoder-webm-vp8: 9c59270c3fd7afecdb556c50c9e8de78 -> 
  custom:audio-decoder-ogg-vorbis: bf7c407c2cedff20999df2af8eb42d56 -> 
  custom:audio-encoder-webm-vorbis: bf7c407c2cedff20999df2af8eb42d56 -> 
========================================================================
Received Prepare
Registering precompiled user dll's ...
Registered in 0.001788 seconds.
Begin MonoManager ReloadAssembly
Native extension for WindowsStandalone target not found
Refreshing native plugins compatible for Editor in 0.36 ms, found 2 plugins.
Preloading 0 native plugins for Editor in 0.00 ms.
Mono: successfully reloaded assembly
- Completed reload, in  0.738 seconds
Platform modules already initialized, skipping
Refreshing native plugins compatible for Editor in 0.35 ms, found 2 plugins.
Preloading 0 native plugins for Editor in 0.00 ms.
Unloading 1747 Unused Serialized files (Serialized files now loaded: 0)
System memory in use before: 83.7 MB.
System memory in use after: 81.7 MB.

Unloading 37 unused Assets to reduce memory usage. Loaded Objects now: 2232.
Total: 3.130200 ms (FindLiveObjects: 0.166000 ms CreateObjectMapping: 0.039300 ms MarkObjects: 1.436800 ms  DeleteObjects: 1.487200 ms)

AssetImportParameters requested are different than current active one (requested -> active):
  custom:framework-win-MediaFoundation: 216162199b28c13a410421893ffa2e32 -> 
  custom:video-decoder-ogg-theora: a1e56fd34408186e4bbccfd4996cb3dc -> 
  custom:container-muxer-webm: aa71ff27fc2769a1b78a27578f13a17b -> 
  custom:container-demuxer-webm: 4f35f7cbe854078d1ac9338744f61a02 -> 
  custom:container-demuxer-ogg: 62fdf1f143b41e24485cea50d1cbac27 -> 
  custom:video-encoder-webm-vp8: eb34c28f22e8b96e1ab97ce403110664 -> 
  custom:video-codec-MediaFoundation-h265: 746d11721c4dcdbdad8f713fa42b33f4 -> 
  custom:video-decoder-webm-vp8: 9c59270c3fd7afecdb556c50c9e8de78 -> 
  custom:audio-decoder-ogg-vorbis: bf7c407c2cedff20999df2af8eb42d56 -> 
  custom:audio-encoder-webm-vorbis: bf7c407c2cedff20999df2af8eb42d56 -> 
========================================================================
Received Import Request.
  Time since last request: 3815.895769 seconds.
  path: Assets/Prefab/Pipe/Curve/Pipe.prefab
  artifactKey: Guid(98112cb5b8292a9428803a03b7d01020) Importer(815301076,1909f56bfc062723c751e8b465ee728b)
Start importing Assets/Prefab/Pipe/Curve/Pipe.prefab using Guid(98112cb5b8292a9428803a03b7d01020) Importer(815301076,1909f56bfc062723c751e8b465ee728b)  -> (artifact id: 'f86aad42034fe77f7add72aa4966351c') in 0.043306 seconds 
  Import took 0.045976 seconds .

========================================================================
Received Import Request.
  Time since last request: 3.593560 seconds.
  path: Assets/Prefab/Pipe/Curve/Curve.prefab
  artifactKey: Guid(98112cb5b8292a9428803a03b7d01020) Importer(815301076,1909f56bfc062723c751e8b465ee728b)
Start importing Assets/Prefab/Pipe/Curve/Curve.prefab using Guid(98112cb5b8292a9428803a03b7d01020) Importer(815301076,1909f56bfc062723c751e8b465ee728b)  -> (artifact id: 'd4fe352b45f64061938622784010c834') in 0.024050 seconds 
  Import took 0.026638 seconds .

========================================================================
Received Prepare
Registering precompiled user dll's ...
Registered in 0.001801 seconds.
Begin MonoManager ReloadAssembly
Native extension for WindowsStandalone target not found
Refreshing native plugins compatible for Editor in 0.37 ms, found 2 plugins.
Preloading 0 native plugins for Editor in 0.00 ms.
Mono: successfully reloaded assembly
- Completed reload, in  0.717 seconds
Platform modules already initialized, skipping
Refreshing native plugins compatible for Editor in 0.35 ms, found 2 plugins.
Preloading 0 native plugins for Editor in 0.00 ms.
Unloading 1747 Unused Serialized files (Serialized files now loaded: 0)
System memory in use before: 83.7 MB.
System memory in use after: 81.7 MB.

Unloading 37 unused Assets to reduce memory usage. Loaded Objects now: 2234.
Total: 3.189400 ms (FindLiveObjects: 0.173700 ms CreateObjectMapping: 0.043000 ms MarkObjects: 1.484400 ms  DeleteObjects: 1.487400 ms)

AssetImportParameters requested are different than current active one (requested -> active):
  custom:framework-win-MediaFoundation: 216162199b28c13a410421893ffa2e32 -> 
  custom:video-decoder-ogg-theora: a1e56fd34408186e4bbccfd4996cb3dc -> 
  custom:container-muxer-webm: aa71ff27fc2769a1b78a27578f13a17b -> 
  custom:container-demuxer-webm: 4f35f7cbe854078d1ac9338744f61a02 -> 
  custom:container-demuxer-ogg: 62fdf1f143b41e24485cea50d1cbac27 -> 
  custom:video-encoder-webm-vp8: eb34c28f22e8b96e1ab97ce403110664 -> 
  custom:video-codec-MediaFoundation-h265: 746d11721c4dcdbdad8f713fa42b33f4 -> 
  custom:video-decoder-webm-vp8: 9c59270c3fd7afecdb556c50c9e8de78 -> 
  custom:audio-decoder-ogg-vorbis: bf7c407c2cedff20999df2af8eb42d56 -> 
  custom:audio-encoder-webm-vorbis: bf7c407c2cedff20999df2af8eb42d56 -> 
AssetImportWorkerClient::OnTransportError - code=2 error=End of file
